0 info it worked if it ends with ok
1 verbose cli [ '/usr/local/bin/node', '/usr/local/bin/npm', 'run', 'watch' ]
2 info using npm@3.10.10
3 info using node@v7.3.0
4 verbose run-script [ 'prewatch', 'watch', 'postwatch' ]
5 info lifecycle perf-chat@1.0.0~prewatch: perf-chat@1.0.0
6 silly lifecycle perf-chat@1.0.0~prewatch: no script for prewatch, continuing
7 info lifecycle perf-chat@1.0.0~watch: perf-chat@1.0.0
8 verbose lifecycle perf-chat@1.0.0~watch: unsafe-perm in lifecycle true
9 verbose lifecycle perf-chat@1.0.0~watch: PATH: /usr/local/lib/node_modules/npm/bin/node-gyp-bin:/Users/grumpy/workspace/perf-chat/node_modules/.bin:/Users/grumpy/.rvm/gems/ruby-2.1.1/bin:/Users/grumpy/.rvm/gems/ruby-2.1.1@global/bin:/Users/grumpy/.rvm/rubies/ruby-2.1.1/bin:/usr/local/Cellar/php71/7.1.0_11/bin/php:/usr/local/bin:/usr/bin:/bin:/usr/sbin:/sbin:/usr/local/munki:/Users/grumpy/.rvm/bin
10 verbose lifecycle perf-chat@1.0.0~watch: CWD: /Users/grumpy/workspace/perf-chat
11 silly lifecycle perf-chat@1.0.0~watch: Args: [ '-c', 'rollup --config --watch' ]
12 silly lifecycle perf-chat@1.0.0~watch: Returned: code: 1  signal: null
13 info lifecycle perf-chat@1.0.0~watch: Failed to exec watch script
14 verbose stack Error: perf-chat@1.0.0 watch: `rollup --config --watch`
14 verbose stack Exit status 1
14 verbose stack     at EventEmitter.<anonymous> (/usr/local/lib/node_modules/npm/lib/utils/lifecycle.js:255:16)
14 verbose stack     at emitTwo (events.js:106:13)
14 verbose stack     at EventEmitter.emit (events.js:191:7)
14 verbose stack     at ChildProcess.<anonymous> (/usr/local/lib/node_modules/npm/lib/utils/spawn.js:40:14)
14 verbose stack     at emitTwo (events.js:106:13)
14 verbose stack     at ChildProcess.emit (events.js:191:7)
14 verbose stack     at maybeClose (internal/child_process.js:885:16)
14 verbose stack     at Process.ChildProcess._handle.onexit (internal/child_process.js:226:5)
15 verbose pkgid perf-chat@1.0.0
16 verbose cwd /Users/grumpy/workspace/perf-chat
17 error Darwin 16.5.0
18 error argv "/usr/local/bin/node" "/usr/local/bin/npm" "run" "watch"
19 error node v7.3.0
20 error npm  v3.10.10
21 error code ELIFECYCLE
22 error perf-chat@1.0.0 watch: `rollup --config --watch`
22 error Exit status 1
23 error Failed at the perf-chat@1.0.0 watch script 'rollup --config --watch'.
23 error Make sure you have the latest version of node.js and npm installed.
23 error If you do, this is most likely a problem with the perf-chat package,
23 error not with npm itself.
23 error Tell the author that this fails on your system:
23 error     rollup --config --watch
23 error You can get information on how to open an issue for this project with:
23 error     npm bugs perf-chat
23 error Or if that isn't available, you can get their info via:
23 error     npm owner ls perf-chat
23 error There is likely additional logging output above.
24 verbose exit [ 1, true ]
